-------------------------------------------------------------------------------
Test set: testRunner.testRunner
-------------------------------------------------------------------------------
Tests run: 1, Failures: 0, Errors: 1, Skipped: 0, Time elapsed: 0.436 s <<< FAILURE! - in testRunner.testRunner
initializationError(testRunner.testRunner)  Time elapsed: 0.011 s  <<< ERROR!
java.lang.IllegalArgumentException: Not a file or directory: /Users/MyleneVillafuerte/Documents/work/phpWebAutomation/features

